2024-05-19T18:05:44.8642585+07:00 [INF] (Microsoft.EntityFrameworkCore.Database.Command) Executed DbCommand ("13"ms) [Parameters=[""], CommandType='Text', CommandTimeout='1200']"
""SELECT 1"
2024-05-19T18:05:44.9176792+07:00 [INF] (Microsoft.EntityFrameworkCore.Database.Command) Executed DbCommand ("14"ms) [Parameters=[""], CommandType='Text', CommandTimeout='1200']"
""SELECT OBJECT_ID(N'[__EFMigrationsHistory]');"
2024-05-19T18:05:44.9193231+07:00 [INF] (Microsoft.EntityFrameworkCore.Database.Command) Executed DbCommand ("1"ms) [Parameters=[""], CommandType='Text', CommandTimeout='1200']"
""SELECT 1"
2024-05-19T18:05:44.9197912+07:00 [INF] (Microsoft.EntityFrameworkCore.Database.Command) Executed DbCommand ("0"ms) [Parameters=[""], CommandType='Text', CommandTimeout='1200']"
""SELECT OBJECT_ID(N'[__EFMigrationsHistory]');"
2024-05-19T18:05:44.9372598+07:00 [INF] (Microsoft.EntityFrameworkCore.Database.Command) Executed DbCommand ("6"ms) [Parameters=[""], CommandType='Text', CommandTimeout='1200']"
""SELECT [MigrationId], [ProductVersion]
FROM [__EFMigrationsHistory]
ORDER BY [MigrationId];"
2024-05-19T18:05:44.9510876+07:00 [INF] (Microsoft.EntityFrameworkCore.Migrations) Applying migration '"20240519110534_UpdateTinTuc"'.
2024-05-19T18:05:45.0437704+07:00 [INF] (Microsoft.EntityFrameworkCore.Database.Command) Executed DbCommand ("17"ms) [Parameters=[""], CommandType='Text', CommandTimeout='1200']"
""CREATE TABLE [TinTuc] (
    [IDTinTuc] nvarchar(450) NOT NULL,
    [TieuDe] nvarchar(max) NOT NULL,
    [NoiDung] nvarchar(max) NOT NULL,
    [HinhAnh] nvarchar(max) NOT NULL,
    [NguoiTao] nvarchar(max) NOT NULL,
    [NgayTao] datetime2 NOT NULL,
    [TrangThai] nvarchar(max) NULL,
    CONSTRAINT [PK_TinTuc] PRIMARY KEY ([IDTinTuc])
);"
2024-05-19T18:05:45.0475035+07:00 [INF] (Microsoft.EntityFrameworkCore.Database.Command) Executed DbCommand ("3"ms) [Parameters=[""], CommandType='Text', CommandTimeout='1200']"
""INSERT INTO [__EFMigrationsHistory] ([MigrationId], [ProductVersion])
VALUES (N'20240519110534_UpdateTinTuc', N'7.0.9');"
2024-05-19T18:13:37.1228984+07:00 [INF] (Microsoft.EntityFrameworkCore.Database.Command) Executed DbCommand ("70"ms) [Parameters=[""], CommandType='Text', CommandTimeout='1200']"
""SELECT 1"
2024-05-19T18:13:37.2912637+07:00 [INF] (Microsoft.EntityFrameworkCore.Database.Command) Executed DbCommand ("61"ms) [Parameters=[""], CommandType='Text', CommandTimeout='1200']"
""SELECT OBJECT_ID(N'[__EFMigrationsHistory]');"
2024-05-19T18:13:37.2985323+07:00 [INF] (Microsoft.EntityFrameworkCore.Database.Command) Executed DbCommand ("1"ms) [Parameters=[""], CommandType='Text', CommandTimeout='1200']"
""SELECT 1"
2024-05-19T18:13:37.3023948+07:00 [INF] (Microsoft.EntityFrameworkCore.Database.Command) Executed DbCommand ("1"ms) [Parameters=[""], CommandType='Text', CommandTimeout='1200']"
""SELECT OBJECT_ID(N'[__EFMigrationsHistory]');"
2024-05-19T18:13:37.3476244+07:00 [INF] (Microsoft.EntityFrameworkCore.Database.Command) Executed DbCommand ("17"ms) [Parameters=[""], CommandType='Text', CommandTimeout='1200']"
""SELECT [MigrationId], [ProductVersion]
FROM [__EFMigrationsHistory]
ORDER BY [MigrationId];"
2024-05-19T18:13:37.3764425+07:00 [INF] (Microsoft.EntityFrameworkCore.Migrations) No migrations were applied. The database is already up to date.
2024-05-19T18:13:37.8778290+07:00 [INF] (Microsoft.Hosting.Lifetime) Now listening on: "https://localhost:7046"
2024-05-19T18:13:37.8797984+07:00 [INF] (Microsoft.Hosting.Lifetime) Now listening on: "http://localhost:5273"
2024-05-19T18:13:37.8835193+07:00 [INF] (Microsoft.Hosting.Lifetime) Application started. Press Ctrl+C to shut down.
2024-05-19T18:13:37.8849891+07:00 [INF] (Microsoft.Hosting.Lifetime) Hosting environment: "Development"
2024-05-19T18:13:37.8872209+07:00 [INF] (Microsoft.Hosting.Lifetime) Content root path: "D:\DuAnThueXe\WebAPI_CarRental\CarRental"
