2024-05-22T01:38:24.2880265+07:00 [INF] (Microsoft.EntityFrameworkCore.Database.Command) Executed DbCommand ("26"ms) [Parameters=[""], CommandType='Text', CommandTimeout='1200']"
""SELECT 1"
2024-05-22T01:38:24.3745393+07:00 [INF] (Microsoft.EntityFrameworkCore.Database.Command) Executed DbCommand ("27"ms) [Parameters=[""], CommandType='Text', CommandTimeout='1200']"
""SELECT OBJECT_ID(N'[__EFMigrationsHistory]');"
2024-05-22T01:38:24.3820558+07:00 [INF] (Microsoft.EntityFrameworkCore.Database.Command) Executed DbCommand ("1"ms) [Parameters=[""], CommandType='Text', CommandTimeout='1200']"
""SELECT 1"
2024-05-22T01:38:24.3871973+07:00 [INF] (Microsoft.EntityFrameworkCore.Database.Command) Executed DbCommand ("1"ms) [Parameters=[""], CommandType='Text', CommandTimeout='1200']"
""SELECT OBJECT_ID(N'[__EFMigrationsHistory]');"
2024-05-22T01:38:24.4074222+07:00 [INF] (Microsoft.EntityFrameworkCore.Database.Command) Executed DbCommand ("4"ms) [Parameters=[""], CommandType='Text', CommandTimeout='1200']"
""SELECT [MigrationId], [ProductVersion]
FROM [__EFMigrationsHistory]
ORDER BY [MigrationId];"
2024-05-22T01:38:24.4262505+07:00 [INF] (Microsoft.EntityFrameworkCore.Migrations) No migrations were applied. The database is already up to date.
2024-05-22T01:38:24.9368081+07:00 [INF] (Microsoft.Hosting.Lifetime) Now listening on: "https://localhost:7046"
2024-05-22T01:38:24.9379816+07:00 [INF] (Microsoft.Hosting.Lifetime) Now listening on: "http://localhost:5273"
2024-05-22T01:38:24.9416266+07:00 [INF] (Microsoft.Hosting.Lifetime) Application started. Press Ctrl+C to shut down.
2024-05-22T01:38:24.9429124+07:00 [INF] (Microsoft.Hosting.Lifetime) Hosting environment: "Development"
2024-05-22T01:38:24.9441434+07:00 [INF] (Microsoft.Hosting.Lifetime) Content root path: "D:\DuAnThueXe\WebAPI_CarRental\CarRental"
2024-05-22T01:39:12.5346139+07:00 [INF] (Microsoft.EntityFrameworkCore.Database.Command) Executed DbCommand ("29"ms) [Parameters=["@__model_IDLoaiXe_0='?' (Size = 450)"], CommandType='Text', CommandTimeout='1200']"
""SELECT CASE
    WHEN EXISTS (
        SELECT 1
        FROM [LoaiXe] AS [l]
        WHERE [l].[IDLoaiXe] = @__model_IDLoaiXe_0 AND ([l].[TrangThai] <> N'Da xoa' OR ([l].[TrangThai] IS NULL))) THEN CAST(1 AS bit)
    ELSE CAST(0 AS bit)
END"
2024-05-22T01:39:12.7247265+07:00 [INF] (Microsoft.EntityFrameworkCore.Database.Command) Executed DbCommand ("6"ms) [Parameters=["@p0='?' (Size = 450), @p1='?' (DbType = Double), @p2='?' (Size = 4000), @p3='?' (Size = 4000)"], CommandType='Text', CommandTimeout='1200']"
""SET IMPLICIT_TRANSACTIONS OFF;
SET NOCOUNT ON;
INSERT INTO [LoaiXe] ([IDLoaiXe], [GiaThue], [TenLoaiXe], [TrangThai])
VALUES (@p0, @p1, @p2, @p3);"
2024-05-22T01:39:12.7468040+07:00 [INF] (Serilog.AspNetCore.RequestLoggingMiddleware) HTTP "POST" "/api/loai-xe/add" responded 200 in 950.7502 ms
2024-05-22T01:42:57.1906345+07:00 [INF] (Microsoft.EntityFrameworkCore.Database.Command) Executed DbCommand ("3"ms) [Parameters=["@__model_IDXe_0='?' (Size = 450)"], CommandType='Text', CommandTimeout='1200']"
""SELECT CASE
    WHEN EXISTS (
        SELECT 1
        FROM [Xe] AS [x]
        WHERE [x].[IDXe] = @__model_IDXe_0 AND ([x].[TrangThai] <> N'Da xoa' OR ([x].[TrangThai] IS NULL))) THEN CAST(1 AS bit)
    ELSE CAST(0 AS bit)
END"
2024-05-22T01:42:57.2528692+07:00 [INF] (Microsoft.EntityFrameworkCore.Database.Command) Executed DbCommand ("8"ms) [Parameters=["@p0='?' (Size = 450), @p1='?' (Size = 4000), @p2='?' (DbType = Double), @p3='?' (Size = 4000), @p4='?' (Size = 450), @p5='?' (Size = 4000), @p6='?' (DbType = Int32), @p7='?' (Size = 4000), @p8='?' (Size = 4000), @p9='?' (DbType = Int32), @p10='?' (Size = 4000), @p11='?' (Size = 4000), @p12='?' (Size = 4000)"], CommandType='Text', CommandTimeout='1200']"
""SET IMPLICIT_TRANSACTIONS OFF;
SET NOCOUNT ON;
INSERT INTO [Xe] ([IDXe], [BienSoXe], [GiaThue], [HangXe], [IDLoaiXe], [MoTa], [NamSanXuat], [NguyenLieuTieuHao], [NhienLieu], [SoChoNgoi], [TenXe], [TrangThai], [TruyenDong])
VALUES (@p0, @p1, @p2, @p3, @p4, @p5, @p6, @p7, @p8, @p9, @p10, @p11, @p12);"
2024-05-22T01:42:57.2593055+07:00 [INF] (Serilog.AspNetCore.RequestLoggingMiddleware) HTTP "POST" "/api/xe/add" responded 200 in 180.1243 ms
